0 info it worked if it ends with ok
1 verbose cli [ '/usr/local/bin/node', '/usr/local/bin/npm', 'run', 'dev' ]
2 info using npm@2.9.1
3 info using node@v0.12.3
4 verbose run-script [ 'predev', 'dev', 'postdev' ]
5 info predev ReactCookbook@1.0.0
6 info dev ReactCookbook@1.0.0
7 verbose unsafe-perm in lifecycle true
8 info ReactCookbook@1.0.0 Failed to exec dev script
9 verbose stack Error: ReactCookbook@1.0.0 dev: `webpack-dev-server --devtool eval --progress --colors --hot --content-base build`
9 verbose stack Exit status 1
9 verbose stack     at EventEmitter.<anonymous> (/usr/local/lib/node_modules/npm/lib/utils/lifecycle.js:213:16)
9 verbose stack     at EventEmitter.emit (events.js:110:17)
9 verbose stack     at ChildProcess.<anonymous> (/usr/local/lib/node_modules/npm/lib/utils/spawn.js:24:14)
9 verbose stack     at ChildProcess.emit (events.js:110:17)
9 verbose stack     at maybeClose (child_process.js:1015:16)
9 verbose stack     at Process.ChildProcess._handle.onexit (child_process.js:1087:5)
10 verbose pkgid ReactCookbook@1.0.0
11 verbose cwd /Users/rigoberto.rojas/Desktop/nodeApps/react-cookbook
12 error Darwin 12.5.0
13 error argv "/usr/local/bin/node" "/usr/local/bin/npm" "run" "dev"
14 error node v0.12.3
15 error npm  v2.9.1
16 error code ELIFECYCLE
17 error ReactCookbook@1.0.0 dev: `webpack-dev-server --devtool eval --progress --colors --hot --content-base build`
17 error Exit status 1
18 error Failed at the ReactCookbook@1.0.0 dev script 'webpack-dev-server --devtool eval --progress --colors --hot --content-base build'.
18 error This is most likely a problem with the ReactCookbook package,
18 error not with npm itself.
18 error Tell the author that this fails on your system:
18 error     webpack-dev-server --devtool eval --progress --colors --hot --content-base build
18 error You can get their info via:
18 error     npm owner ls ReactCookbook
18 error There is likely additional logging output above.
19 verbose exit [ 1, true ]
